Vivado Simulator 2019.1
Copyright 1986-1999, 2001-2019 Xilinx, Inc. All Rights Reserved.
Running: /tools/Xilinx/Vivado/2019.1/bin/unwrapped/lnx64.o/xelab -wto 20921e688a49493389ec1c0913082ffa --incr --debug typical --relax --mt 8 -L xil_defaultlib -L xilinx_vip -L unisims_ver -L unimacro_ver -L secureip -L xpm --snapshot DVIClocking_behav xil_defaultlib.DVIClocking xil_defaultlib.glbl -log elaborate.log 
Using 8 slave threads.
Starting static elaboration
Completed static elaboration
Starting simulation data flow analysis
Completed simulation data flow analysis
Time Resolution for simulation is 1ps
Compiling package std.standard
Compiling package std.textio
Compiling package ieee.std_logic_1164
Compiling package ieee.numeric_std
Compiling package unisim.vcomponents
Compiling package ieee.vital_timing
Compiling package ieee.vital_primitives
Compiling package unisim.vpkg
Compiling module xil_defaultlib.glbl
Compiling architecture bufio_v of entity unisim.BUFIO [bufio_default]
Compiling architecture bufr_v of entity unisim.BUFR [\BUFR(bufr_divide="5")(1,1)(1,7)...]
Compiling architecture behavioral of entity xil_defaultlib.SyncAsync [\SyncAsync(kresetpolarity='0')\]
Compiling architecture behavioral of entity xil_defaultlib.ResetBridge [\ResetBridge(kpolarity='0')\]
Compiling architecture behavioral of entity xil_defaultlib.dviclocking
Built simulation snapshot DVIClocking_behav
