13:38:56 INFO  : Registering command handlers for SDK TCF services
13:38:57 INFO  : Launching XSCT server: xsct -n -interactive /home/wallento/pcam-test/Zybo-Z7-20-pcam-5c-2019.1/vivado_proj/Zybo-Z7-20-pcam-5c.sdk/temp_xsdb_launch_script.tcl
13:39:00 INFO  : XSCT server has started successfully.
13:39:01 INFO  : Successfully done setting XSCT server connection channel  
13:39:01 INFO  : Successfully done setting SDK workspace  
13:39:01 INFO  : Processing command line option -hwspec /home/wallento/pcam-test/Zybo-Z7-20-pcam-5c-2019.1/vivado_proj/Zybo-Z7-20-pcam-5c.sdk/system_wrapper.hdf.
13:41:22 INFO  : Connected to target on host '127.0.0.1' and port '3121'.
14:37:42 INFO  : Registering command handlers for SDK TCF services
14:37:44 INFO  : Launching XSCT server: xsct -n -interactive /home/wallento/pcam-test/Zybo-Z7-20-pcam-5c-2019.1/vivado_proj/Zybo-Z7-20-pcam-5c.sdk/temp_xsdb_launch_script.tcl
14:37:47 INFO  : XSCT server has started successfully.
14:37:52 INFO  : Successfully done setting XSCT server connection channel  
14:37:52 INFO  : Successfully done setting SDK workspace  
14:37:52 INFO  : Processing command line option -hwspec /home/wallento/pcam-test/Zybo-Z7-20-pcam-5c-2019.1/vivado_proj/Zybo-Z7-20-pcam-5c.sdk/system_wrapper.hdf.
14:37:53 INFO  : Checking for hwspec changes in the project system_wrapper_hw_platform_0.
14:37:53 INFO  : SDK has detected change in the last modified timestamps for source hardware specification file Source:1644586487000,  Project:1644583080000
14:37:53 INFO  : The hardware specification for project 'system_wrapper_hw_platform_0' is different from /home/wallento/pcam-test/Zybo-Z7-20-pcam-5c-2019.1/vivado_proj/Zybo-Z7-20-pcam-5c.sdk/system_wrapper.hdf.
14:37:58 INFO  : Copied contents of /home/wallento/pcam-test/Zybo-Z7-20-pcam-5c-2019.1/vivado_proj/Zybo-Z7-20-pcam-5c.sdk/system_wrapper.hdf into /system_wrapper_hw_platform_0/system.hdf.
14:38:04 INFO  : Synchronizing projects in the workspace with the hardware platform specification changes.
14:38:05 INFO  : 
14:38:06 INFO  : Updating hardware inferred compiler options for pcam_vdma_hdmi.
14:38:06 INFO  : Clearing existing target manager status.
14:38:06 INFO  : Closing and re-opening the MSS file of ther project pcam_vdma_hdmi_bsp
14:38:07 INFO  : Workspace synchronized with the new hardware specification file. Cleaning dependent projects...
14:38:09 WARN  : Linker script will not be updated automatically. Users need to update it manually.
14:39:33 INFO  : Connected to target on host '127.0.0.1' and port '3121'.
14:39:34 INFO  : 'targets -set -filter {jtag_cable_name =~ "Digilent Zybo Z7 210351A826E7A" && level==0} -index 1' command is executed.
14:39:36 INFO  : FPGA configured successfully with bitstream "/home/wallento/pcam-test/Zybo-Z7-20-pcam-5c-2019.1/vivado_proj/Zybo-Z7-20-pcam-5c.sdk/system_wrapper_hw_platform_0/system_wrapper.bit"
14:40:01 INFO  : Connected to target on host '127.0.0.1' and port '3121'.
14:40:01 INFO  : 'targets -set -filter {jtag_cable_name =~ "Digilent Zybo Z7 210351A826E7A" && level==0} -index 1' command is executed.
14:40:03 INFO  : FPGA configured successfully with bitstream "/home/wallento/pcam-test/Zybo-Z7-20-pcam-5c-2019.1/vivado_proj/Zybo-Z7-20-pcam-5c.sdk/system_wrapper_hw_platform_0/system_wrapper.bit"
14:41:32 INFO  : Connected to target on host '127.0.0.1' and port '3121'.
14:41:32 INFO  : 'targets -set -filter {jtag_cable_name =~ "Digilent Zybo Z7 210351A826E7A" && level==0} -index 1' command is executed.
14:41:34 INFO  : FPGA configured successfully with bitstream "/home/wallento/pcam-test/Zybo-Z7-20-pcam-5c-2019.1/vivado_proj/Zybo-Z7-20-pcam-5c.sdk/system_wrapper_hw_platform_0/system_wrapper.bit"
15:16:14 INFO  : Launching XSCT server: xsct -n -interactive /home/wallento/pcam-test/Zybo-Z7-20-pcam-5c-2019.1/vivado_proj/Zybo-Z7-20-pcam-5c.sdk/temp_xsdb_launch_script.tcl
15:16:17 INFO  : XSCT server has started successfully.
15:16:17 INFO  : Successfully done setting XSCT server connection channel  
15:16:17 INFO  : Successfully done setting SDK workspace  
15:16:23 INFO  : Registering command handlers for SDK TCF services
15:16:23 INFO  : Processing command line option -hwspec /home/wallento/pcam-test/Zybo-Z7-20-pcam-5c-2019.1/vivado_proj/Zybo-Z7-20-pcam-5c.sdk/system_wrapper.hdf.
15:16:23 INFO  : Checking for hwspec changes in the project system_wrapper_hw_platform_0.
15:16:34 INFO  : Connected to target on host '127.0.0.1' and port '3121'.
15:16:34 INFO  : 'targets -set -filter {jtag_cable_name =~ "Digilent Zybo Z7 210351A826E7A" && level==0} -index 1' command is executed.
15:16:37 INFO  : FPGA configured successfully with bitstream "/home/wallento/pcam-test/Zybo-Z7-20-pcam-5c-2019.1/vivado_proj/Zybo-Z7-20-pcam-5c.sdk/system_wrapper_hw_platform_0/system_wrapper.bit"
15:16:46 INFO  : 'targets -set -filter {jtag_cable_name =~ "Digilent Zybo Z7 210351A826E7A" && level==0} -index 1' command is executed.
15:16:46 INFO  : 'fpga -state' command is executed.
15:16:46 INFO  : Connected to target on host '127.0.0.1' and port '3121'.
15:16:46 INFO  : Jtag cable 'Digilent Zybo Z7 210351A826E7A' is selected.
15:16:46 INFO  : 'jtag frequency' command is executed.
15:16:46 INFO  : Sourcing of '/home/wallento/pcam-test/Zybo-Z7-20-pcam-5c-2019.1/vivado_proj/Zybo-Z7-20-pcam-5c.sdk/system_wrapper_hw_platform_0/ps7_init.tcl' is done.
15:16:46 INFO  : Context for 'APU' is selected.
15:16:46 INFO  : Hardware design information is loaded from '/home/wallento/pcam-test/Zybo-Z7-20-pcam-5c-2019.1/vivado_proj/Zybo-Z7-20-pcam-5c.sdk/system_wrapper_hw_platform_0/system.hdf'.
15:16:46 INFO  : 'configparams force-mem-access 1' command is executed.
15:16:46 INFO  : Context for 'APU' is selected.
15:16:46 INFO  : 'stop' command is executed.
15:16:47 INFO  : 'ps7_init' command is executed.
15:16:47 INFO  : 'ps7_post_config' command is executed.
15:16:47 INFO  : Context for processor 'ps7_cortexa9_0' is selected.
15:16:47 INFO  : Processor reset is completed for 'ps7_cortexa9_0'.
15:16:47 INFO  : Context for processor 'ps7_cortexa9_0' is selected.
15:16:49 INFO  : The application '/home/wallento/pcam-test/Zybo-Z7-20-pcam-5c-2019.1/vivado_proj/Zybo-Z7-20-pcam-5c.sdk/pcam_vdma_hdmi/Debug/pcam_vdma_hdmi.elf' is downloaded to processor 'ps7_cortexa9_0'.
15:16:49 INFO  : 'configparams force-mem-access 0' command is executed.
15:16:49 INFO  : ----------------XSDB Script----------------
connect -url tcp:127.0.0.1:3121
source /home/wallento/pcam-test/Zybo-Z7-20-pcam-5c-2019.1/vivado_proj/Zybo-Z7-20-pcam-5c.sdk/system_wrapper_hw_platform_0/ps7_init.tcl
targets -set -nocase -filter {name =~"APU*" && jtag_cable_name =~ "Digilent Zybo Z7 210351A826E7A"} -index 0
loadhw -hw /home/wallento/pcam-test/Zybo-Z7-20-pcam-5c-2019.1/vivado_proj/Zybo-Z7-20-pcam-5c.sdk/system_wrapper_hw_platform_0/system.hdf -mem-ranges [list {0x40000000 0xbfffffff}]
configparams force-mem-access 1
targets -set -nocase -filter {name =~"APU*" && jtag_cable_name =~ "Digilent Zybo Z7 210351A826E7A"} -index 0
stop
ps7_init
ps7_post_config
targets -set -nocase -filter {name =~ "ARM*#0" && jtag_cable_name =~ "Digilent Zybo Z7 210351A826E7A"} -index 0
rst -processor
targets -set -nocase -filter {name =~ "ARM*#0" && jtag_cable_name =~ "Digilent Zybo Z7 210351A826E7A"} -index 0
dow /home/wallento/pcam-test/Zybo-Z7-20-pcam-5c-2019.1/vivado_proj/Zybo-Z7-20-pcam-5c.sdk/pcam_vdma_hdmi/Debug/pcam_vdma_hdmi.elf
configparams force-mem-access 0
----------------End of Script----------------

15:16:49 INFO  : Memory regions updated for context APU
15:16:49 INFO  : Context for processor 'ps7_cortexa9_0' is selected.
15:16:49 INFO  : 'con' command is executed.
15:16:49 INFO  : ----------------XSDB Script (After Launch)----------------
targets -set -nocase -filter {name =~ "ARM*#0" && jtag_cable_name =~ "Digilent Zybo Z7 210351A826E7A"} -index 0
con
----------------End of Script----------------

15:16:49 INFO  : Launch script is exported to file '/home/wallento/pcam-test/Zybo-Z7-20-pcam-5c-2019.1/vivado_proj/Zybo-Z7-20-pcam-5c.sdk/.sdk/launch_scripts/xilinx_c-c++_application_(system_debugger)/system_debugger_using_debug_pcam_vdma_hdmi.elf_on_local.tcl'
15:17:27 INFO  : Disconnected from the channel tcfchan#1.
06:28:08 INFO  : Registering command handlers for SDK TCF services
06:28:10 INFO  : Launching XSCT server: xsct -n -interactive /home/parallels/Documents/wallento/Zybo-Z7-20-pcam-5c-2019.1/vivado_proj/Zybo-Z7-20-pcam-5c.sdk/temp_xsdb_launch_script.tcl
06:28:14 INFO  : XSCT server has started successfully.
06:28:14 INFO  : Successfully done setting XSCT server connection channel  
06:28:15 INFO  : Successfully done setting SDK workspace  
06:28:15 INFO  : Processing command line option -hwspec /home/parallels/Documents/wallento/Zybo-Z7-20-pcam-5c-2019.1/vivado_proj/Zybo-Z7-20-pcam-5c.sdk/system_wrapper.hdf.
06:29:05 INFO  : Connected to target on host '127.0.0.1' and port '3121'.
06:29:06 INFO  : 'targets -set -filter {jtag_cable_name =~ "Digilent Zybo Z7 210351A826E7A" && level==0} -index 1' command is executed.
06:29:08 INFO  : FPGA configured successfully with bitstream "/home/parallels/Documents/wallento/Zybo-Z7-20-pcam-5c-2019.1/vivado_proj/Zybo-Z7-20-pcam-5c.sdk/system_wrapper_hw_platform_0/system_wrapper.bit"
06:29:29 INFO  : 'targets -set -filter {jtag_cable_name =~ "Digilent Zybo Z7 210351A826E7A" && level==0} -index 1' command is executed.
06:29:29 INFO  : 'fpga -state' command is executed.
06:29:29 INFO  : Connected to target on host '127.0.0.1' and port '3121'.
06:29:30 INFO  : Jtag cable 'Digilent Zybo Z7 210351A826E7A' is selected.
06:29:30 INFO  : 'jtag frequency' command is executed.
06:29:30 INFO  : Sourcing of '/home/parallels/Documents/wallento/Zybo-Z7-20-pcam-5c-2019.1/vivado_proj/Zybo-Z7-20-pcam-5c.sdk/system_wrapper_hw_platform_0/ps7_init.tcl' is done.
06:29:30 INFO  : Context for 'APU' is selected.
06:29:30 INFO  : Hardware design information is loaded from '/home/parallels/Documents/wallento/Zybo-Z7-20-pcam-5c-2019.1/vivado_proj/Zybo-Z7-20-pcam-5c.sdk/system_wrapper_hw_platform_0/system.hdf'.
06:29:30 INFO  : 'configparams force-mem-access 1' command is executed.
06:29:30 INFO  : Context for 'APU' is selected.
06:29:30 INFO  : 'stop' command is executed.
06:29:36 INFO  : 'ps7_init' command is executed.
06:29:36 INFO  : 'ps7_post_config' command is executed.
06:29:36 INFO  : Context for processor 'ps7_cortexa9_0' is selected.
06:29:36 INFO  : Processor reset is completed for 'ps7_cortexa9_0'.
06:29:36 INFO  : Context for processor 'ps7_cortexa9_0' is selected.
06:29:38 ERROR : Memory write error at 0x100000. AP transaction timeout
06:29:38 INFO  : ----------------XSDB Script----------------
connect -url tcp:127.0.0.1:3121
source /home/parallels/Documents/wallento/Zybo-Z7-20-pcam-5c-2019.1/vivado_proj/Zybo-Z7-20-pcam-5c.sdk/system_wrapper_hw_platform_0/ps7_init.tcl
targets -set -nocase -filter {name =~"APU*" && jtag_cable_name =~ "Digilent Zybo Z7 210351A826E7A"} -index 0
loadhw -hw /home/parallels/Documents/wallento/Zybo-Z7-20-pcam-5c-2019.1/vivado_proj/Zybo-Z7-20-pcam-5c.sdk/system_wrapper_hw_platform_0/system.hdf -mem-ranges [list {0x40000000 0xbfffffff}]
configparams force-mem-access 1
targets -set -nocase -filter {name =~"APU*" && jtag_cable_name =~ "Digilent Zybo Z7 210351A826E7A"} -index 0
stop
ps7_init
ps7_post_config
targets -set -nocase -filter {name =~ "ARM*#0" && jtag_cable_name =~ "Digilent Zybo Z7 210351A826E7A"} -index 0
rst -processor
targets -set -nocase -filter {name =~ "ARM*#0" && jtag_cable_name =~ "Digilent Zybo Z7 210351A826E7A"} -index 0
dow /home/parallels/Documents/wallento/Zybo-Z7-20-pcam-5c-2019.1/vivado_proj/Zybo-Z7-20-pcam-5c.sdk/pcam_vdma_hdmi/Debug/pcam_vdma_hdmi.elf
----------------End of Script----------------

06:31:09 INFO  : 'targets -set -filter {jtag_cable_name =~ "Digilent Zybo Z7 210351A826E7A" && level==0} -index 1' command is executed.
06:31:09 INFO  : 'fpga -state' command is executed.
06:31:09 INFO  : Connected to target on host '127.0.0.1' and port '3121'.
06:31:10 INFO  : Jtag cable 'Digilent Zybo Z7 210351A826E7A' is selected.
06:31:10 INFO  : 'jtag frequency' command is executed.
06:31:10 INFO  : Sourcing of '/home/parallels/Documents/wallento/Zybo-Z7-20-pcam-5c-2019.1/vivado_proj/Zybo-Z7-20-pcam-5c.sdk/system_wrapper_hw_platform_0/ps7_init.tcl' is done.
06:31:10 INFO  : Context for 'APU' is selected.
06:31:10 INFO  : Hardware design information is loaded from '/home/parallels/Documents/wallento/Zybo-Z7-20-pcam-5c-2019.1/vivado_proj/Zybo-Z7-20-pcam-5c.sdk/system_wrapper_hw_platform_0/system.hdf'.
06:31:10 INFO  : 'configparams force-mem-access 1' command is executed.
06:31:10 INFO  : Context for 'APU' is selected.
06:31:10 INFO  : 'stop' command is executed.
06:31:10 ERROR : AP transaction error, DAP status f0000021
06:31:10 INFO  : ----------------XSDB Script----------------
connect -url tcp:127.0.0.1:3121
source /home/parallels/Documents/wallento/Zybo-Z7-20-pcam-5c-2019.1/vivado_proj/Zybo-Z7-20-pcam-5c.sdk/system_wrapper_hw_platform_0/ps7_init.tcl
targets -set -nocase -filter {name =~"APU*" && jtag_cable_name =~ "Digilent Zybo Z7 210351A826E7A"} -index 0
loadhw -hw /home/parallels/Documents/wallento/Zybo-Z7-20-pcam-5c-2019.1/vivado_proj/Zybo-Z7-20-pcam-5c.sdk/system_wrapper_hw_platform_0/system.hdf -mem-ranges [list {0x40000000 0xbfffffff}]
configparams force-mem-access 1
targets -set -nocase -filter {name =~"APU*" && jtag_cable_name =~ "Digilent Zybo Z7 210351A826E7A"} -index 0
stop
ps7_init
----------------End of Script----------------

06:31:35 INFO  : 'targets -set -filter {jtag_cable_name =~ "Digilent Zybo Z7 210351A826E7A" && level==0} -index 1' command is executed.
06:31:35 INFO  : 'fpga -state' command is executed.
06:31:35 INFO  : Connected to target on host '127.0.0.1' and port '3121'.
06:31:35 INFO  : Jtag cable 'Digilent Zybo Z7 210351A826E7A' is selected.
06:31:35 INFO  : 'jtag frequency' command is executed.
06:31:35 INFO  : Sourcing of '/home/parallels/Documents/wallento/Zybo-Z7-20-pcam-5c-2019.1/vivado_proj/Zybo-Z7-20-pcam-5c.sdk/system_wrapper_hw_platform_0/ps7_init.tcl' is done.
06:31:35 INFO  : Context for 'APU' is selected.
06:31:35 INFO  : Hardware design information is loaded from '/home/parallels/Documents/wallento/Zybo-Z7-20-pcam-5c-2019.1/vivado_proj/Zybo-Z7-20-pcam-5c.sdk/system_wrapper_hw_platform_0/system.hdf'.
06:31:35 INFO  : 'configparams force-mem-access 1' command is executed.
06:31:35 INFO  : Context for 'APU' is selected.
06:31:35 INFO  : 'stop' command is executed.
06:31:35 ERROR : AP transaction error, DAP status f0000021
06:31:35 INFO  : ----------------XSDB Script----------------
connect -url tcp:127.0.0.1:3121
source /home/parallels/Documents/wallento/Zybo-Z7-20-pcam-5c-2019.1/vivado_proj/Zybo-Z7-20-pcam-5c.sdk/system_wrapper_hw_platform_0/ps7_init.tcl
targets -set -nocase -filter {name =~"APU*" && jtag_cable_name =~ "Digilent Zybo Z7 210351A826E7A"} -index 0
loadhw -hw /home/parallels/Documents/wallento/Zybo-Z7-20-pcam-5c-2019.1/vivado_proj/Zybo-Z7-20-pcam-5c.sdk/system_wrapper_hw_platform_0/system.hdf -mem-ranges [list {0x40000000 0xbfffffff}]
configparams force-mem-access 1
targets -set -nocase -filter {name =~"APU*" && jtag_cable_name =~ "Digilent Zybo Z7 210351A826E7A"} -index 0
stop
ps7_init
----------------End of Script----------------

06:31:47 INFO  : 'targets -set -filter {jtag_cable_name =~ "Digilent Zybo Z7 210351A826E7A" && level==0} -index 1' command is executed.
06:31:47 INFO  : 'fpga -state' command is executed.
06:31:47 INFO  : Connected to target on host '127.0.0.1' and port '3121'.
06:31:48 INFO  : Jtag cable 'Digilent Zybo Z7 210351A826E7A' is selected.
06:31:48 INFO  : 'jtag frequency' command is executed.
06:31:48 INFO  : Sourcing of '/home/parallels/Documents/wallento/Zybo-Z7-20-pcam-5c-2019.1/vivado_proj/Zybo-Z7-20-pcam-5c.sdk/system_wrapper_hw_platform_0/ps7_init.tcl' is done.
06:31:48 INFO  : Context for 'APU' is selected.
06:31:48 INFO  : Hardware design information is loaded from '/home/parallels/Documents/wallento/Zybo-Z7-20-pcam-5c-2019.1/vivado_proj/Zybo-Z7-20-pcam-5c.sdk/system_wrapper_hw_platform_0/system.hdf'.
06:31:48 INFO  : 'configparams force-mem-access 1' command is executed.
06:31:48 INFO  : Context for 'APU' is selected.
06:31:48 INFO  : 'stop' command is executed.
06:31:48 ERROR : AP transaction error, DAP status f0000021
06:31:48 INFO  : ----------------XSDB Script----------------
connect -url tcp:127.0.0.1:3121
source /home/parallels/Documents/wallento/Zybo-Z7-20-pcam-5c-2019.1/vivado_proj/Zybo-Z7-20-pcam-5c.sdk/system_wrapper_hw_platform_0/ps7_init.tcl
targets -set -nocase -filter {name =~"APU*" && jtag_cable_name =~ "Digilent Zybo Z7 210351A826E7A"} -index 0
loadhw -hw /home/parallels/Documents/wallento/Zybo-Z7-20-pcam-5c-2019.1/vivado_proj/Zybo-Z7-20-pcam-5c.sdk/system_wrapper_hw_platform_0/system.hdf -mem-ranges [list {0x40000000 0xbfffffff}]
configparams force-mem-access 1
targets -set -nocase -filter {name =~"APU*" && jtag_cable_name =~ "Digilent Zybo Z7 210351A826E7A"} -index 0
stop
ps7_init
----------------End of Script----------------

06:35:53 INFO  : Registering command handlers for SDK TCF services
06:35:54 INFO  : Launching XSCT server: xsct -n -interactive /home/parallels/Documents/wallento/Zybo-Z7-20-pcam-5c-2019.1/vivado_proj/Zybo-Z7-20-pcam-5c.sdk/temp_xsdb_launch_script.tcl
06:35:59 INFO  : XSCT server has started successfully.
06:35:59 INFO  : Successfully done setting XSCT server connection channel  
06:35:59 INFO  : Successfully done setting SDK workspace  
06:35:59 INFO  : Processing command line option -hwspec /home/parallels/Documents/wallento/Zybo-Z7-20-pcam-5c-2019.1/vivado_proj/Zybo-Z7-20-pcam-5c.sdk/system_wrapper.hdf.
06:35:59 INFO  : Checking for hwspec changes in the project system_wrapper_hw_platform_1.
06:36:12 INFO  : Connected to target on host '127.0.0.1' and port '3121'.
06:36:12 INFO  : 'targets -set -filter {jtag_cable_name =~ "Digilent Zybo Z7 210351A826E7A" && level==0} -index 1' command is executed.
06:36:15 INFO  : FPGA configured successfully with bitstream "/home/parallels/Documents/wallento/Zybo-Z7-20-pcam-5c-2019.1/vivado_proj/Zybo-Z7-20-pcam-5c.sdk/system_wrapper_hw_platform_0/system_wrapper.bit"
06:36:27 INFO  : 'targets -set -filter {jtag_cable_name =~ "Digilent Zybo Z7 210351A826E7A" && level==0} -index 1' command is executed.
06:36:27 INFO  : 'fpga -state' command is executed.
06:36:27 INFO  : Connected to target on host '127.0.0.1' and port '3121'.
06:36:27 INFO  : Jtag cable 'Digilent Zybo Z7 210351A826E7A' is selected.
06:36:27 INFO  : 'jtag frequency' command is executed.
06:36:27 INFO  : Sourcing of '/home/parallels/Documents/wallento/Zybo-Z7-20-pcam-5c-2019.1/vivado_proj/Zybo-Z7-20-pcam-5c.sdk/system_wrapper_hw_platform_0/ps7_init.tcl' is done.
06:36:30 ERROR : no targets found with "name =~"APU*" && jtag_cable_name =~ "Digilent Zybo Z7 210351A826E7A"". available targets:
  1  DAP (JTAG port open error. AP transaction error, DAP status 30000021)
  2* xc7z020
06:36:30 INFO  : ----------------XSDB Script----------------
connect -url tcp:127.0.0.1:3121
source /home/parallels/Documents/wallento/Zybo-Z7-20-pcam-5c-2019.1/vivado_proj/Zybo-Z7-20-pcam-5c.sdk/system_wrapper_hw_platform_0/ps7_init.tcl
targets -set -nocase -filter {name =~"APU*" && jtag_cable_name =~ "Digilent Zybo Z7 210351A826E7A"} -index 0
----------------End of Script----------------

06:37:08 INFO  : Connected to target on host '127.0.0.1' and port '3121'.
06:38:43 ERROR : 'targets -set -filter {jtag_cable_name =~ "Digilent Zybo Z7 210351A826E7A" && level==0} -index 1' is cancelled.
06:38:43 INFO  : Issued abort command to xsdb.
06:59:47 INFO  : Registering command handlers for SDK TCF services
06:59:49 INFO  : Launching XSCT server: xsct -n -interactive /home/parallels/Documents/wallento/Zybo-Z7-20-pcam-5c-2019.1/vivado_proj/Zybo-Z7-20-pcam-5c.sdk/temp_xsdb_launch_script.tcl
06:59:53 INFO  : XSCT server has started successfully.
06:59:53 INFO  : Processing command line option -hwspec /home/parallels/Documents/wallento/Zybo-Z7-20-pcam-5c-2019.1/vivado_proj/Zybo-Z7-20-pcam-5c.sdk/system_wrapper.hdf.
06:59:57 INFO  : Successfully done setting XSCT server connection channel  
06:59:57 INFO  : Successfully done setting SDK workspace  
06:59:57 INFO  : Checking for hwspec changes in the project system_wrapper_hw_platform_1.
06:59:59 INFO  : SDK has detected change in the last modified timestamps for source hardware specification file Source:1644591543000,  Project:1644586488000
06:59:59 INFO  : The hardware specification for project 'system_wrapper_hw_platform_1' is different from /home/parallels/Documents/wallento/Zybo-Z7-20-pcam-5c-2019.1/vivado_proj/Zybo-Z7-20-pcam-5c.sdk/system_wrapper.hdf.
06:59:59 INFO  : Copied contents of /home/parallels/Documents/wallento/Zybo-Z7-20-pcam-5c-2019.1/vivado_proj/Zybo-Z7-20-pcam-5c.sdk/system_wrapper.hdf into /system_wrapper_hw_platform_1/system.hdf.
07:00:01 INFO  : Synchronizing projects in the workspace with the hardware platform specification changes.
07:00:02 INFO  : Clearing existing target manager status.
07:00:02 INFO  : Workspace synchronized with the new hardware specification file. Cleaning dependent projects...
07:00:02 WARN  : Linker script will not be updated automatically. Users need to update it manually.
07:00:05 INFO  : Connected to target on host '127.0.0.1' and port '3121'.
07:00:05 INFO  : 'targets -set -filter {jtag_cable_name =~ "Digilent Zybo Z7 210351A826E7A" && level==0} -index 1' command is executed.
07:00:08 INFO  : FPGA configured successfully with bitstream "/home/parallels/Documents/wallento/Zybo-Z7-20-pcam-5c-2019.1/vivado_proj/Zybo-Z7-20-pcam-5c.sdk/system_wrapper_hw_platform_0/system_wrapper.bit"
07:00:19 INFO  : 'targets -set -filter {jtag_cable_name =~ "Digilent Zybo Z7 210351A826E7A" && level==0} -index 1' command is executed.
07:00:19 INFO  : 'fpga -state' command is executed.
07:00:19 INFO  : Connected to target on host '127.0.0.1' and port '3121'.
07:00:19 INFO  : Jtag cable 'Digilent Zybo Z7 210351A826E7A' is selected.
07:00:19 INFO  : 'jtag frequency' command is executed.
07:00:19 INFO  : Sourcing of '/home/parallels/Documents/wallento/Zybo-Z7-20-pcam-5c-2019.1/vivado_proj/Zybo-Z7-20-pcam-5c.sdk/system_wrapper_hw_platform_0/ps7_init.tcl' is done.
07:00:19 INFO  : Context for 'APU' is selected.
07:00:20 INFO  : Hardware design information is loaded from '/home/parallels/Documents/wallento/Zybo-Z7-20-pcam-5c-2019.1/vivado_proj/Zybo-Z7-20-pcam-5c.sdk/system_wrapper_hw_platform_0/system.hdf'.
07:00:20 INFO  : 'configparams force-mem-access 1' command is executed.
07:00:20 INFO  : Context for 'APU' is selected.
07:00:20 INFO  : 'stop' command is executed.
07:00:21 INFO  : 'ps7_init' command is executed.
07:00:21 INFO  : 'ps7_post_config' command is executed.
07:00:21 INFO  : Context for processor 'ps7_cortexa9_0' is selected.
07:00:21 INFO  : Processor reset is completed for 'ps7_cortexa9_0'.
07:00:21 INFO  : Context for processor 'ps7_cortexa9_0' is selected.
07:00:23 INFO  : The application '/home/parallels/Documents/wallento/Zybo-Z7-20-pcam-5c-2019.1/vivado_proj/Zybo-Z7-20-pcam-5c.sdk/pcam_vdma_hdmi/Debug/pcam_vdma_hdmi.elf' is downloaded to processor 'ps7_cortexa9_0'.
07:00:23 INFO  : 'configparams force-mem-access 0' command is executed.
07:00:23 INFO  : ----------------XSDB Script----------------
connect -url tcp:127.0.0.1:3121
source /home/parallels/Documents/wallento/Zybo-Z7-20-pcam-5c-2019.1/vivado_proj/Zybo-Z7-20-pcam-5c.sdk/system_wrapper_hw_platform_0/ps7_init.tcl
targets -set -nocase -filter {name =~"APU*" && jtag_cable_name =~ "Digilent Zybo Z7 210351A826E7A"} -index 0
loadhw -hw /home/parallels/Documents/wallento/Zybo-Z7-20-pcam-5c-2019.1/vivado_proj/Zybo-Z7-20-pcam-5c.sdk/system_wrapper_hw_platform_0/system.hdf -mem-ranges [list {0x40000000 0xbfffffff}]
configparams force-mem-access 1
targets -set -nocase -filter {name =~"APU*" && jtag_cable_name =~ "Digilent Zybo Z7 210351A826E7A"} -index 0
stop
ps7_init
ps7_post_config
targets -set -nocase -filter {name =~ "ARM*#0" && jtag_cable_name =~ "Digilent Zybo Z7 210351A826E7A"} -index 0
rst -processor
targets -set -nocase -filter {name =~ "ARM*#0" && jtag_cable_name =~ "Digilent Zybo Z7 210351A826E7A"} -index 0
dow /home/parallels/Documents/wallento/Zybo-Z7-20-pcam-5c-2019.1/vivado_proj/Zybo-Z7-20-pcam-5c.sdk/pcam_vdma_hdmi/Debug/pcam_vdma_hdmi.elf
configparams force-mem-access 0
----------------End of Script----------------

07:00:23 INFO  : Memory regions updated for context APU
07:00:23 INFO  : Context for processor 'ps7_cortexa9_0' is selected.
07:00:23 INFO  : 'con' command is executed.
07:00:23 INFO  : ----------------XSDB Script (After Launch)----------------
targets -set -nocase -filter {name =~ "ARM*#0" && jtag_cable_name =~ "Digilent Zybo Z7 210351A826E7A"} -index 0
con
----------------End of Script----------------

07:00:23 INFO  : Launch script is exported to file '/home/parallels/Documents/wallento/Zybo-Z7-20-pcam-5c-2019.1/vivado_proj/Zybo-Z7-20-pcam-5c.sdk/.sdk/launch_scripts/xilinx_c-c++_application_(system_debugger)/system_debugger_using_debug_pcam_vdma_hdmi.elf_on_local.tcl'
07:00:38 INFO  : Disconnected from the channel tcfchan#1.
00:59:57 INFO  : Registering command handlers for SDK TCF services
00:59:58 INFO  : Launching XSCT server: xsct -n -interactive /home/parallels/Documents/wallento/Zybo-Z7-20-pcam-5c-2019.1/vivado_proj/Zybo-Z7-20-pcam-5c.sdk/temp_xsdb_launch_script.tcl
01:00:02 INFO  : XSCT server has started successfully.
01:00:02 INFO  : Successfully done setting XSCT server connection channel  
01:00:03 INFO  : Successfully done setting SDK workspace  
01:00:03 INFO  : Processing command line option -hwspec /home/parallels/Documents/wallento/Zybo-Z7-20-pcam-5c-2019.1/vivado_proj/Zybo-Z7-20-pcam-5c.sdk/system_wrapper.hdf.
01:00:03 INFO  : Checking for hwspec changes in the project system_wrapper_hw_platform_1.
01:00:07 INFO  : SDK has detected change in the last modified timestamps for source hardware specification file Source:1644829159000,  Project:1644591543000
01:00:07 INFO  : The hardware specification for project 'system_wrapper_hw_platform_1' is different from /home/parallels/Documents/wallento/Zybo-Z7-20-pcam-5c-2019.1/vivado_proj/Zybo-Z7-20-pcam-5c.sdk/system_wrapper.hdf.
01:00:07 INFO  : Copied contents of /home/parallels/Documents/wallento/Zybo-Z7-20-pcam-5c-2019.1/vivado_proj/Zybo-Z7-20-pcam-5c.sdk/system_wrapper.hdf into /system_wrapper_hw_platform_1/system.hdf.
01:00:10 INFO  : Synchronizing projects in the workspace with the hardware platform specification changes.
01:00:10 INFO  : Clearing existing target manager status.
01:00:10 INFO  : Workspace synchronized with the new hardware specification file. Cleaning dependent projects...
01:00:10 WARN  : Linker script will not be updated automatically. Users need to update it manually.
01:01:23 INFO  : Connected to target on host '127.0.0.1' and port '3121'.
01:09:06 ERROR : (XSDB Server)Hangup

01:14:22 INFO  : Registering command handlers for SDK TCF services
01:14:24 INFO  : Launching XSCT server: xsct -n -interactive /home/parallels/Documents/wallento/Zybo-Z7-20-pcam-5c-2019.1/vivado_proj/Zybo-Z7-20-pcam-5c.sdk/temp_xsdb_launch_script.tcl
01:14:28 INFO  : XSCT server has started successfully.
01:14:29 INFO  : Successfully done setting XSCT server connection channel  
01:14:29 INFO  : Successfully done setting SDK workspace  
01:14:29 INFO  : Processing command line option -hwspec /home/parallels/Documents/wallento/Zybo-Z7-20-pcam-5c-2019.1/vivado_proj/Zybo-Z7-20-pcam-5c.sdk/system_wrapper.hdf.
01:14:29 INFO  : Checking for hwspec changes in the project system_wrapper_hw_platform_1.
01:14:41 INFO  : Connected to target on host '127.0.0.1' and port '3121'.
01:14:41 INFO  : 'targets -set -filter {jtag_cable_name =~ "Digilent Zybo Z7 210351A826E7A" && level==0} -index 1' command is executed.
01:14:44 INFO  : FPGA configured successfully with bitstream "/home/parallels/Documents/wallento/Zybo-Z7-20-pcam-5c-2019.1/vivado_proj/Zybo-Z7-20-pcam-5c.sdk/system_wrapper_hw_platform_0/system_wrapper.bit"
01:14:56 INFO  : 'targets -set -filter {jtag_cable_name =~ "Digilent Zybo Z7 210351A826E7A" && level==0} -index 1' command is executed.
01:14:56 INFO  : 'fpga -state' command is executed.
01:14:56 INFO  : Connected to target on host '127.0.0.1' and port '3121'.
01:14:56 INFO  : Jtag cable 'Digilent Zybo Z7 210351A826E7A' is selected.
01:14:56 INFO  : 'jtag frequency' command is executed.
01:14:56 INFO  : Sourcing of '/home/parallels/Documents/wallento/Zybo-Z7-20-pcam-5c-2019.1/vivado_proj/Zybo-Z7-20-pcam-5c.sdk/system_wrapper_hw_platform_0/ps7_init.tcl' is done.
01:14:57 INFO  : Context for 'APU' is selected.
01:14:57 INFO  : Hardware design information is loaded from '/home/parallels/Documents/wallento/Zybo-Z7-20-pcam-5c-2019.1/vivado_proj/Zybo-Z7-20-pcam-5c.sdk/system_wrapper_hw_platform_0/system.hdf'.
01:14:57 INFO  : 'configparams force-mem-access 1' command is executed.
01:14:57 INFO  : Context for 'APU' is selected.
01:14:57 INFO  : 'stop' command is executed.
01:14:58 INFO  : 'ps7_init' command is executed.
01:14:58 INFO  : 'ps7_post_config' command is executed.
01:14:58 INFO  : Context for processor 'ps7_cortexa9_0' is selected.
01:14:58 INFO  : Processor reset is completed for 'ps7_cortexa9_0'.
01:14:58 INFO  : Context for processor 'ps7_cortexa9_0' is selected.
01:15:00 INFO  : The application '/home/parallels/Documents/wallento/Zybo-Z7-20-pcam-5c-2019.1/vivado_proj/Zybo-Z7-20-pcam-5c.sdk/pcam_vdma_hdmi/Debug/pcam_vdma_hdmi.elf' is downloaded to processor 'ps7_cortexa9_0'.
01:15:00 INFO  : 'configparams force-mem-access 0' command is executed.
01:15:00 INFO  : ----------------XSDB Script----------------
connect -url tcp:127.0.0.1:3121
source /home/parallels/Documents/wallento/Zybo-Z7-20-pcam-5c-2019.1/vivado_proj/Zybo-Z7-20-pcam-5c.sdk/system_wrapper_hw_platform_0/ps7_init.tcl
targets -set -nocase -filter {name =~"APU*" && jtag_cable_name =~ "Digilent Zybo Z7 210351A826E7A"} -index 0
loadhw -hw /home/parallels/Documents/wallento/Zybo-Z7-20-pcam-5c-2019.1/vivado_proj/Zybo-Z7-20-pcam-5c.sdk/system_wrapper_hw_platform_0/system.hdf -mem-ranges [list {0x40000000 0xbfffffff}]
configparams force-mem-access 1
targets -set -nocase -filter {name =~"APU*" && jtag_cable_name =~ "Digilent Zybo Z7 210351A826E7A"} -index 0
stop
ps7_init
ps7_post_config
targets -set -nocase -filter {name =~ "ARM*#0" && jtag_cable_name =~ "Digilent Zybo Z7 210351A826E7A"} -index 0
rst -processor
targets -set -nocase -filter {name =~ "ARM*#0" && jtag_cable_name =~ "Digilent Zybo Z7 210351A826E7A"} -index 0
dow /home/parallels/Documents/wallento/Zybo-Z7-20-pcam-5c-2019.1/vivado_proj/Zybo-Z7-20-pcam-5c.sdk/pcam_vdma_hdmi/Debug/pcam_vdma_hdmi.elf
configparams force-mem-access 0
----------------End of Script----------------

01:15:00 INFO  : Memory regions updated for context APU
01:15:00 INFO  : Context for processor 'ps7_cortexa9_0' is selected.
01:15:01 INFO  : 'con' command is executed.
01:15:01 INFO  : ----------------XSDB Script (After Launch)----------------
targets -set -nocase -filter {name =~ "ARM*#0" && jtag_cable_name =~ "Digilent Zybo Z7 210351A826E7A"} -index 0
con
----------------End of Script----------------

01:15:01 INFO  : Launch script is exported to file '/home/parallels/Documents/wallento/Zybo-Z7-20-pcam-5c-2019.1/vivado_proj/Zybo-Z7-20-pcam-5c.sdk/.sdk/launch_scripts/xilinx_c-c++_application_(system_debugger)/system_debugger_using_debug_pcam_vdma_hdmi.elf_on_local.tcl'
17:23:26 INFO  : Launching XSCT server: xsct -n -interactive /home/dsoukup/Vivado-Projects/canny-zybo-z7/Zybo-Z7-20-pcam-5c-2019.1/vivado_proj/Zybo-Z7-20-pcam-5c.sdk/temp_xsdb_launch_script.tcl
17:23:28 INFO  : XSCT server has started successfully.
17:23:28 INFO  : Successfully done setting XSCT server connection channel  
17:23:31 INFO  : Successfully done setting SDK workspace  
17:23:32 INFO  : Registering command handlers for SDK TCF services
17:23:33 INFO  : Processing command line option -hwspec /home/dsoukup/Vivado-Projects/canny-zybo-z7/Zybo-Z7-20-pcam-5c-2019.1/vivado_proj/Zybo-Z7-20-pcam-5c.sdk/system_wrapper.hdf.
17:23:54 INFO  : Connected to target on host '127.0.0.1' and port '3121'.
17:23:54 INFO  : 'targets -set -filter {jtag_cable_name =~ "Digilent Zybo Z7 210351A826E7A" && level==0} -index 1' command is executed.
17:23:56 INFO  : FPGA configured successfully with bitstream "/home/dsoukup/Vivado-Projects/canny-zybo-z7/Zybo-Z7-20-pcam-5c-2019.1/vivado_proj/Zybo-Z7-20-pcam-5c.sdk/system_wrapper_hw_platform_3/system_wrapper.bit"
17:24:08 INFO  : 'targets -set -filter {jtag_cable_name =~ "Digilent Zybo Z7 210351A826E7A" && level==0} -index 1' command is executed.
17:24:08 INFO  : 'fpga -state' command is executed.
17:24:08 INFO  : Connected to target on host '127.0.0.1' and port '3121'.
17:24:08 INFO  : Jtag cable 'Digilent Zybo Z7 210351A826E7A' is selected.
17:24:08 INFO  : 'jtag frequency' command is executed.
17:24:08 INFO  : Sourcing of '/home/dsoukup/Vivado-Projects/canny-zybo-z7/Zybo-Z7-20-pcam-5c-2019.1/vivado_proj/Zybo-Z7-20-pcam-5c.sdk/system_wrapper_hw_platform_0/ps7_init.tcl' is done.
17:24:08 INFO  : Context for 'APU' is selected.
17:24:08 INFO  : Hardware design information is loaded from '/home/dsoukup/Vivado-Projects/canny-zybo-z7/Zybo-Z7-20-pcam-5c-2019.1/vivado_proj/Zybo-Z7-20-pcam-5c.sdk/system_wrapper_hw_platform_0/system.hdf'.
17:24:08 INFO  : 'configparams force-mem-access 1' command is executed.
17:24:08 INFO  : Context for 'APU' is selected.
17:24:08 INFO  : 'stop' command is executed.
17:24:09 INFO  : 'ps7_init' command is executed.
17:24:09 INFO  : 'ps7_post_config' command is executed.
17:24:09 INFO  : Context for processor 'ps7_cortexa9_0' is selected.
17:24:09 INFO  : Processor reset is completed for 'ps7_cortexa9_0'.
17:24:09 INFO  : Context for processor 'ps7_cortexa9_0' is selected.
17:24:10 INFO  : The application '/home/dsoukup/Vivado-Projects/canny-zybo-z7/Zybo-Z7-20-pcam-5c-2019.1/vivado_proj/Zybo-Z7-20-pcam-5c.sdk/pcam_vdma_hdmi/Debug/pcam_vdma_hdmi.elf' is downloaded to processor 'ps7_cortexa9_0'.
17:24:10 INFO  : 'configparams force-mem-access 0' command is executed.
17:24:10 INFO  : ----------------XSDB Script----------------
connect -url tcp:127.0.0.1:3121
source /home/dsoukup/Vivado-Projects/canny-zybo-z7/Zybo-Z7-20-pcam-5c-2019.1/vivado_proj/Zybo-Z7-20-pcam-5c.sdk/system_wrapper_hw_platform_0/ps7_init.tcl
targets -set -nocase -filter {name =~"APU*" && jtag_cable_name =~ "Digilent Zybo Z7 210351A826E7A"} -index 0
loadhw -hw /home/dsoukup/Vivado-Projects/canny-zybo-z7/Zybo-Z7-20-pcam-5c-2019.1/vivado_proj/Zybo-Z7-20-pcam-5c.sdk/system_wrapper_hw_platform_0/system.hdf -mem-ranges [list {0x40000000 0xbfffffff}]
configparams force-mem-access 1
targets -set -nocase -filter {name =~"APU*" && jtag_cable_name =~ "Digilent Zybo Z7 210351A826E7A"} -index 0
stop
ps7_init
ps7_post_config
targets -set -nocase -filter {name =~ "ARM*#0" && jtag_cable_name =~ "Digilent Zybo Z7 210351A826E7A"} -index 0
rst -processor
targets -set -nocase -filter {name =~ "ARM*#0" && jtag_cable_name =~ "Digilent Zybo Z7 210351A826E7A"} -index 0
dow /home/dsoukup/Vivado-Projects/canny-zybo-z7/Zybo-Z7-20-pcam-5c-2019.1/vivado_proj/Zybo-Z7-20-pcam-5c.sdk/pcam_vdma_hdmi/Debug/pcam_vdma_hdmi.elf
configparams force-mem-access 0
----------------End of Script----------------

17:24:10 INFO  : Memory regions updated for context APU
17:24:10 INFO  : Context for processor 'ps7_cortexa9_0' is selected.
17:24:10 INFO  : 'con' command is executed.
17:24:10 INFO  : ----------------XSDB Script (After Launch)----------------
targets -set -nocase -filter {name =~ "ARM*#0" && jtag_cable_name =~ "Digilent Zybo Z7 210351A826E7A"} -index 0
con
----------------End of Script----------------

17:24:10 INFO  : Launch script is exported to file '/home/dsoukup/Vivado-Projects/canny-zybo-z7/Zybo-Z7-20-pcam-5c-2019.1/vivado_proj/Zybo-Z7-20-pcam-5c.sdk/.sdk/launch_scripts/xilinx_c-c++_application_(system_debugger)/system_debugger_using_debug_pcam_vdma_hdmi.elf_on_local.tcl'
