Copyright 1986-2019 Xilinx, Inc. All Rights Reserved.
----------------------------------------------------------------------------------------------------------------------------------------------------------------
| Tool Version     : Vivado v.2019.1 (lin64) Build 2552052 Fri May 24 14:47:09 MDT 2019
| Date             : Mon Feb 14 17:20:57 2022
| Host             : dsoukup-ThinkPad running 64-bit Ubuntu 20.04.3 LTS
| Command          : report_power -file system_wrapper_power_routed.rpt -pb system_wrapper_power_summary_routed.pb -rpx system_wrapper_power_routed.rpx
| Design           : system_wrapper
| Device           : xc7z020clg400-1
| Design State     : routed
| Grade            : commercial
| Process          : typical
| Characterization : Production
----------------------------------------------------------------------------------------------------------------------------------------------------------------

Power Report

Table of Contents
-----------------
1. Summary
1.1 On-Chip Components
1.2 Power Supply Summary
1.3 Confidence Level
2. Settings
2.1 Environment
2.2 Clock Constraints
3. Detailed Reports
3.1 By Hierarchy

1. Summary
----------

+--------------------------+--------------+
| Total On-Chip Power (W)  | 1.925        |
| Design Power Budget (W)  | Unspecified* |
| Power Budget Margin (W)  | NA           |
| Dynamic (W)              | 1.774        |
| Device Static (W)        | 0.152        |
| Effective TJA (C/W)      | 11.5         |
| Max Ambient (C)          | 62.8         |
| Junction Temperature (C) | 47.2         |
| Confidence Level         | Low          |
| Setting File             | ---          |
| Simulation Activity File | ---          |
| Design Nets Matched      | NA           |
+--------------------------+--------------+
* Specify Design Power Budget using, set_operating_conditions -design_power_budget <value in Watts>


1.1 On-Chip Components
----------------------

+--------------------------+-----------+----------+-----------+-----------------+
| On-Chip                  | Power (W) | Used     | Available | Utilization (%) |
+--------------------------+-----------+----------+-----------+-----------------+
| Clocks                   |     0.057 |       12 |       --- |             --- |
| Slice Logic              |     0.011 |    21593 |       --- |             --- |
|   LUT as Logic           |     0.009 |     7494 |     53200 |           14.09 |
|   CARRY4                 |    <0.001 |      248 |     13300 |            1.86 |
|   Register               |    <0.001 |    10711 |    106400 |           10.07 |
|   F7/F8 Muxes            |    <0.001 |      786 |     53200 |            1.48 |
|   LUT as Distributed RAM |    <0.001 |       62 |     17400 |            0.36 |
|   LUT as Shift Register  |    <0.001 |      229 |     17400 |            1.32 |
|   Others                 |     0.000 |      768 |       --- |             --- |
| Signals                  |     0.013 |    15584 |       --- |             --- |
| Block RAM                |     0.006 |     10.5 |       140 |            7.50 |
| MMCM                     |     0.191 |        2 |         4 |           50.00 |
| I/O                      |     0.084 |       23 |       125 |           18.40 |
| PS7                      |     1.412 |        1 |       --- |             --- |
| Static Power             |     0.152 |          |           |                 |
| Total                    |     1.925 |          |           |                 |
+--------------------------+-----------+----------+-----------+-----------------+


1.2 Power Supply Summary
------------------------

+-----------+-------------+-----------+-------------+------------+
| Source    | Voltage (V) | Total (A) | Dynamic (A) | Static (A) |
+-----------+-------------+-----------+-------------+------------+
| Vccint    |       1.000 |     0.112 |       0.095 |      0.017 |
| Vccaux    |       1.800 |     0.145 |       0.129 |      0.016 |
| Vcco33    |       3.300 |     0.011 |       0.010 |      0.001 |
| Vcco25    |       2.500 |     0.000 |       0.000 |      0.000 |
| Vcco18    |       1.800 |     0.000 |       0.000 |      0.000 |
| Vcco15    |       1.500 |     0.000 |       0.000 |      0.000 |
| Vcco135   |       1.350 |     0.000 |       0.000 |      0.000 |
| Vcco12    |       1.200 |     0.000 |       0.000 |      0.000 |
| Vccaux_io |       1.800 |     0.000 |       0.000 |      0.000 |
| Vccbram   |       1.000 |     0.002 |       0.000 |      0.002 |
| MGTAVcc   |       1.000 |     0.000 |       0.000 |      0.000 |
| MGTAVtt   |       1.200 |     0.000 |       0.000 |      0.000 |
| MGTVccaux |       1.800 |     0.000 |       0.000 |      0.000 |
| Vccpint   |       1.000 |     0.763 |       0.730 |      0.033 |
| Vccpaux   |       1.800 |     0.062 |       0.051 |      0.010 |
| Vccpll    |       1.800 |     0.017 |       0.014 |      0.003 |
| Vcco_ddr  |       1.350 |     0.413 |       0.411 |      0.002 |
| Vcco_mio0 |       3.300 |     0.003 |       0.002 |      0.001 |
| Vcco_mio1 |       1.800 |     0.003 |       0.002 |      0.001 |
| Vccadc    |       1.800 |     0.020 |       0.000 |      0.020 |
+-----------+-------------+-----------+-------------+------------+


1.3 Confidence Level
--------------------

+-----------------------------+------------+--------------------------------------------------------+------------------------------------------------------------------------------------------------------------+
| User Input Data             | Confidence | Details                                                | Action                                                                                                     |
+-----------------------------+------------+--------------------------------------------------------+------------------------------------------------------------------------------------------------------------+
| Design implementation state | High       | Design is routed                                       |                                                                                                            |
| Clock nodes activity        | High       | User specified more than 95% of clocks                 |                                                                                                            |
| I/O nodes activity          | Low        | More than 75% of inputs are missing user specification | Provide missing input activity with simulation results or by editing the "By Resource Type -> I/Os" view   |
| Internal nodes activity     | Medium     | User specified less than 25% of internal nodes         | Provide missing internal nodes activity with simulation results or by editing the "By Resource Type" views |
| Device models               | High       | Device models are Production                           |                                                                                                            |
|                             |            |                                                        |                                                                                                            |
| Overall confidence level    | Low        |                                                        |                                                                                                            |
+-----------------------------+------------+--------------------------------------------------------+------------------------------------------------------------------------------------------------------------+


2. Settings
-----------

2.1 Environment
---------------

+-----------------------+------------------------+
| Ambient Temp (C)      | 25.0                   |
| ThetaJA (C/W)         | 11.5                   |
| Airflow (LFM)         | 250                    |
| Heat Sink             | none                   |
| ThetaSA (C/W)         | 0.0                    |
| Board Selection       | medium (10"x10")       |
| # of Board Layers     | 8to11 (8 to 11 Layers) |
| Board Temperature (C) | 25.0                   |
+-----------------------+------------------------+


2.2 Clock Constraints
---------------------

+--------------------------------+-----------------------------------------------------------------------------------+-----------------+
| Clock                          | Domain                                                                            | Constraint (ns) |
+--------------------------------+-----------------------------------------------------------------------------------+-----------------+
| MIPI_D_PHY_RX_0_RxByteClkHS    | system_i/MIPI_D_PHY_RX_0/U0/ClockLane/HSClockingX/CLK                             |            19.0 |
| clk_fpga_0                     | system_i/processing_system7_0/inst/FCLK_CLK_unbuffered[0]                         |            10.0 |
| clk_out1_system_clk_wiz_0_0    | system_i/clk_wiz_0/inst/clk_out1_system_clk_wiz_0_0                               |            20.0 |
| clk_out2_system_clk_wiz_0_0    | system_i/clk_wiz_0/inst/clk_out2_system_clk_wiz_0_0                               |             6.7 |
| clk_out3_system_clk_wiz_0_0    | system_i/clk_wiz_0/inst/clk_out3_system_clk_wiz_0_0                               |             5.0 |
| clkfbout_system_clk_wiz_0_0    | system_i/clk_wiz_0/inst/clkfbout_system_clk_wiz_0_0                               |            10.0 |
| clkfbout_system_video_dynclk_0 | system_i/video_dynclk/inst/CLK_CORE_DRP_I/clk_inst/clkfbout_system_video_dynclk_0 |            50.0 |
| dphy_hs_clock_p                | dphy_hs_clock_clk_p                                                               |             4.8 |
| pixel_dynclk                   | system_i/DVIClocking_0/U0/PixelClk                                                |             6.7 |
| video_dynclk                   | system_i/video_dynclk/inst/CLK_CORE_DRP_I/clk_inst/pxl_clk_5x                     |             1.7 |
+--------------------------------+-----------------------------------------------------------------------------------+-----------------+


3. Detailed Reports
-------------------

3.1 By Hierarchy
----------------

+---------------------------+-----------+
| Name                      | Power (W) |
+---------------------------+-----------+
| system_wrapper            |     1.774 |
|   cam_gpio_tri_iobuf_0    |     0.004 |
|   cam_iic_scl_iobuf       |     0.004 |
|   cam_iic_sda_iobuf       |     0.004 |
|   system_i                |     1.760 |
|     AXI_BayerToRGB_1      |     0.003 |
|       U0                  |     0.003 |
|     AXI_GammaCorrection_0 |     0.004 |
|       U0                  |     0.004 |
|     MIPI_CSI_2_RX_0       |     0.008 |
|       U0                  |     0.008 |
|     MIPI_D_PHY_RX_0       |     0.053 |
|       U0                  |     0.053 |
|     axi_mem_intercon_1    |     0.001 |
|       s00_couplers        |     0.001 |
|     axi_vdma_0            |     0.029 |
|       U0                  |     0.029 |
|     clk_wiz_0             |     0.087 |
|       inst                |     0.087 |
|     processing_system7_0  |     1.413 |
|       inst                |     1.413 |
|     ps7_0_axi_periph      |     0.002 |
|       s00_couplers        |     0.002 |
|     rgb2dvi_0             |     0.026 |
|       U0                  |     0.026 |
|     v_axi4s_vid_out_0     |     0.006 |
|       inst                |     0.006 |
|     video_dynclk          |     0.109 |
|       inst                |     0.109 |
|     vtg                   |     0.017 |
|       U0                  |     0.017 |
+---------------------------+-----------+


