#-----------------------------------------------------------
# Vivado v2019.1 (64-bit)
# SW Build 2552052 on Fri May 24 14:47:09 MDT 2019
# IP Build 2548770 on Fri May 24 18:01:18 MDT 2019
# Start of session at: Fri Feb 11 14:36:27 2022
# Process ID: 34651
# Current directory: /home/wallento/pcam-test/Zybo-Z7-20-pcam-5c-2019.1
# Command line: vivado
# Log file: /home/wallento/pcam-test/Zybo-Z7-20-pcam-5c-2019.1/vivado.log
# Journal file: /home/wallento/pcam-test/Zybo-Z7-20-pcam-5c-2019.1/vivado.jou
#-----------------------------------------------------------
start_gui
open_project /home/wallento/pcam-test/Zybo-Z7-20-pcam-5c-2019.1/vivado_proj/Zybo-Z7-20-pcam-5c.xpr
Scanning sources...
Finished scanning sources
WARNING: [filemgmt 56-3] IPUserFilesDir: Could not find the directory '/home/wallento/pcam-test/Zybo-Z7-20-pcam-5c-2019.1/vivado_proj/Zybo-Z7-20-pcam-5c.ip_user_files'.
INFO: [IP_Flow 19-234] Refreshing IP repositories
INFO: [IP_Flow 19-1700] Loaded user IP repository '/home/wallento/pcam-test/Zybo-Z7-20-pcam-5c-2019.1/vivado_proj/Zybo-Z7-20-pcam-5c.ipdefs/repo_0'.
INFO: [IP_Flow 19-2313] Loaded Vivado IP repository '/tools/Xilinx/Vivado/2019.1/data/ip'.
open_project: Time (s): cpu = 00:00:28 ; elapsed = 00:00:13 . Memory (MB): peak = 6562.734 ; gain = 199.266 ; free physical = 526 ; free virtual = 12717
INFO: [Vivado 12-4158] Exported Hardware file is out of date. Exported hardware information may be inconsistent with respect to the current state of the design. It is recommended that you re-export the design and launch SDK otherwise SDK is launched with out of date hardware system file.
launch_sdk -workspace /home/wallento/pcam-test/Zybo-Z7-20-pcam-5c-2019.1/vivado_proj/Zybo-Z7-20-pcam-5c.sdk -hwspec /home/wallento/pcam-test/Zybo-Z7-20-pcam-5c-2019.1/vivado_proj/Zybo-Z7-20-pcam-5c.sdk/system_wrapper.hdf
INFO: [Vivado 12-393] Launching SDK...
INFO: [Vivado 12-417] Running xsdk -workspace /home/wallento/pcam-test/Zybo-Z7-20-pcam-5c-2019.1/vivado_proj/Zybo-Z7-20-pcam-5c.sdk -hwspec /home/wallento/pcam-test/Zybo-Z7-20-pcam-5c-2019.1/vivado_proj/Zybo-Z7-20-pcam-5c.sdk/system_wrapper.hdf
INFO: [Vivado 12-3157] SDK launch initiated. Please check console for any further messages.
update_compile_order -fileset sources_1
INFO: [Vivado 12-4158] Exported Hardware file is out of date. Exported hardware information may be inconsistent with respect to the current state of the design. It is recommended that you re-export the design and launch SDK otherwise SDK is launched with out of date hardware system file.
launch_sdk -workspace /home/wallento/pcam-test/Zybo-Z7-20-pcam-5c-2019.1/vivado_proj/Zybo-Z7-20-pcam-5c.sdk -hwspec /home/wallento/pcam-test/Zybo-Z7-20-pcam-5c-2019.1/vivado_proj/Zybo-Z7-20-pcam-5c.sdk/system_wrapper.hdf
INFO: [Vivado 12-393] Launching SDK...
INFO: [Vivado 12-417] Running xsdk -workspace /home/wallento/pcam-test/Zybo-Z7-20-pcam-5c-2019.1/vivado_proj/Zybo-Z7-20-pcam-5c.sdk -hwspec /home/wallento/pcam-test/Zybo-Z7-20-pcam-5c-2019.1/vivado_proj/Zybo-Z7-20-pcam-5c.sdk/system_wrapper.hdf
INFO: [Vivado 12-3157] SDK launch initiated. Please check console for any further messages.
close_project
open_project /home/wallento/dev/zybo-2019.1/Zybo-Z7-20-pcam-5c-2019.1/vivado_proj/Zybo-Z7-20-pcam-5c.xpr
Scanning sources...
Finished scanning sources
WARNING: [filemgmt 56-3] IPUserFilesDir: Could not find the directory '/home/wallento/dev/zybo-2019.1/Zybo-Z7-20-pcam-5c-2019.1/vivado_proj/Zybo-Z7-20-pcam-5c.ip_user_files'.
INFO: [IP_Flow 19-234] Refreshing IP repositories
INFO: [IP_Flow 19-1700] Loaded user IP repository '/home/wallento/dev/zybo-2019.1/Zybo-Z7-20-pcam-5c-2019.1/vivado_proj/Zybo-Z7-20-pcam-5c.ipdefs/repo_0'.
INFO: [IP_Flow 19-2313] Loaded Vivado IP repository '/tools/Xilinx/Vivado/2019.1/data/ip'.
open_project: Time (s): cpu = 00:00:15 ; elapsed = 00:00:10 . Memory (MB): peak = 7007.953 ; gain = 0.000 ; free physical = 802 ; free virtual = 11948
launch_sdk -workspace /home/wallento/dev/zybo-2019.1/Zybo-Z7-20-pcam-5c-2019.1/vivado_proj/Zybo-Z7-20-pcam-5c.sdk -hwspec /home/wallento/dev/zybo-2019.1/Zybo-Z7-20-pcam-5c-2019.1/vivado_proj/Zybo-Z7-20-pcam-5c.sdk/system_wrapper.hdf
INFO: [Vivado 12-393] Launching SDK...
INFO: [Vivado 12-417] Running xsdk -workspace /home/wallento/dev/zybo-2019.1/Zybo-Z7-20-pcam-5c-2019.1/vivado_proj/Zybo-Z7-20-pcam-5c.sdk -hwspec /home/wallento/dev/zybo-2019.1/Zybo-Z7-20-pcam-5c-2019.1/vivado_proj/Zybo-Z7-20-pcam-5c.sdk/system_wrapper.hdf
INFO: [Vivado 12-3157] SDK launch initiated. Please check console for any further messages.
update_compile_order -fileset sources_1
file copy -force /home/wallento/dev/zybo-2019.1/Zybo-Z7-20-pcam-5c-2019.1/vivado_proj/Zybo-Z7-20-pcam-5c.runs/impl_1/system_wrapper.sysdef /home/wallento/dev/zybo-2019.1/Zybo-Z7-20-pcam-5c-2019.1/vivado_proj/Zybo-Z7-20-pcam-5c.sdk/system_wrapper.hdf

launch_sdk -workspace /home/wallento/dev/zybo-2019.1/Zybo-Z7-20-pcam-5c-2019.1/vivado_proj/Zybo-Z7-20-pcam-5c.sdk -hwspec /home/wallento/dev/zybo-2019.1/Zybo-Z7-20-pcam-5c-2019.1/vivado_proj/Zybo-Z7-20-pcam-5c.sdk/system_wrapper.hdf
INFO: [Vivado 12-393] Launching SDK...
INFO: [Vivado 12-417] Running xsdk -workspace /home/wallento/dev/zybo-2019.1/Zybo-Z7-20-pcam-5c-2019.1/vivado_proj/Zybo-Z7-20-pcam-5c.sdk -hwspec /home/wallento/dev/zybo-2019.1/Zybo-Z7-20-pcam-5c-2019.1/vivado_proj/Zybo-Z7-20-pcam-5c.sdk/system_wrapper.hdf
INFO: [Vivado 12-3157] SDK launch initiated. Please check console for any further messages.
open_run impl_1
INFO: [Device 21-403] Loading part xc7z020clg400-1
INFO: [Netlist 29-17] Analyzing 1082 Unisim elements for replacement
INFO: [Netlist 29-28] Unisim Transformation completed in 0 CPU seconds
INFO: [Project 1-479] Netlist was created with Vivado 2019.1
INFO: [Project 1-570] Preparing netlist for logic optimization
INFO: [Timing 38-478] Restoring timing data from binary archive.
INFO: [Timing 38-479] Binary timing data restore complete.
INFO: [Project 1-856] Restoring constraints from binary archive.
INFO: [Project 1-853] Binary constraint restore complete.
Reading XDEF placement.
Reading placer database...
Reading XDEF routing.
Read XDEF File: Time (s): cpu = 00:00:02 ; elapsed = 00:00:02 . Memory (MB): peak = 7491.703 ; gain = 4.672 ; free physical = 165 ; free virtual = 10464
Restored from archive | CPU: 1.690000 secs | Memory: 23.579147 MB |
Finished XDEF File Restore: Time (s): cpu = 00:00:02 ; elapsed = 00:00:02 . Memory (MB): peak = 7491.703 ; gain = 4.672 ; free physical = 165 ; free virtual = 10464
Netlist sorting complete. Time (s): cpu = 00:00:00 ; elapsed = 00:00:00 . Memory (MB): peak = 7491.703 ; gain = 0.000 ; free physical = 168 ; free virtual = 10468
INFO: [Project 1-111] Unisim Transformation Summary:
  A total of 19 instances were transformed.
  IOBUF => IOBUF (IBUF, OBUFT): 3 instances
  RAM32M => RAM32M (RAMD32, RAMD32, RAMD32, RAMD32, RAMD32, RAMD32, RAMS32, RAMS32): 15 instances
  RAM32X1D => RAM32X1D (RAMD32, RAMD32): 1 instances

open_run: Time (s): cpu = 00:00:43 ; elapsed = 00:00:27 . Memory (MB): peak = 7693.340 ; gain = 685.387 ; free physical = 157 ; free virtual = 10385
open_report: Time (s): cpu = 00:00:11 ; elapsed = 00:00:06 . Memory (MB): peak = 7705.367 ; gain = 12.027 ; free physical = 153 ; free virtual = 10165
CRITICAL WARNING: [Timing 38-282] The design failed to meet the timing requirements. Please see the timing summary report for details on the timing violations.
WARNING: [Timing 38-436] There are set_bus_skew constraint(s) in this design. Please run report_bus_skew to ensure that bus skew requirements are met.
file copy -force /home/wallento/dev/zybo-2019.1/Zybo-Z7-20-pcam-5c-2019.1/vivado_proj/Zybo-Z7-20-pcam-5c.runs/impl_1/system_wrapper.sysdef /home/wallento/dev/zybo-2019.1/Zybo-Z7-20-pcam-5c-2019.1/vivado_proj/Zybo-Z7-20-pcam-5c.sdk/system_wrapper.hdf

launch_sdk -workspace /home/wallento/dev/zybo-2019.1/Zybo-Z7-20-pcam-5c-2019.1/vivado_proj/Zybo-Z7-20-pcam-5c.sdk -hwspec /home/wallento/dev/zybo-2019.1/Zybo-Z7-20-pcam-5c-2019.1/vivado_proj/Zybo-Z7-20-pcam-5c.sdk/system_wrapper.hdf
INFO: [Vivado 12-393] Launching SDK...
INFO: [Vivado 12-417] Running xsdk -workspace /home/wallento/dev/zybo-2019.1/Zybo-Z7-20-pcam-5c-2019.1/vivado_proj/Zybo-Z7-20-pcam-5c.sdk -hwspec /home/wallento/dev/zybo-2019.1/Zybo-Z7-20-pcam-5c-2019.1/vivado_proj/Zybo-Z7-20-pcam-5c.sdk/system_wrapper.hdf
INFO: [Vivado 12-3157] SDK launch initiated. Please check console for any further messages.
launch_sdk -workspace /home/wallento/dev/zybo-2019.1/Zybo-Z7-20-pcam-5c-2019.1/vivado_proj/Zybo-Z7-20-pcam-5c.sdk -hwspec /home/wallento/dev/zybo-2019.1/Zybo-Z7-20-pcam-5c-2019.1/vivado_proj/Zybo-Z7-20-pcam-5c.sdk/system_wrapper.hdf
INFO: [Vivado 12-393] Launching SDK...
INFO: [Vivado 12-417] Running xsdk -workspace /home/wallento/dev/zybo-2019.1/Zybo-Z7-20-pcam-5c-2019.1/vivado_proj/Zybo-Z7-20-pcam-5c.sdk -hwspec /home/wallento/dev/zybo-2019.1/Zybo-Z7-20-pcam-5c-2019.1/vivado_proj/Zybo-Z7-20-pcam-5c.sdk/system_wrapper.hdf
INFO: [Vivado 12-3157] SDK launch initiated. Please check console for any further messages.
exit
INFO: [Common 17-206] Exiting Vivado at Fri Feb 11 15:15:04 2022...
